<?xml version="1.0" encoding="UTF-8"?>
<testsuite name="id.my.abdillah.skripsi.contract.contract.MainContractTest" tests="3" skipped="0" failures="0" errors="0" timestamp="2021-09-18T14:23:17" hostname="t450" time="2.085">
  <properties/>
  <testcase name="ajukanKrs()" classname="id.my.abdillah.skripsi.contract.contract.MainContractTest" time="2.043"/>
  <testcase name="setujuiKrs()" classname="id.my.abdillah.skripsi.contract.contract.MainContractTest" time="0.013"/>
  <testcase name="lihatKrs()" classname="id.my.abdillah.skripsi.contract.contract.MainContractTest" time="0.025"/>
  <system-out><![CDATA[]]></system-out>
  <system-err><![CDATA[]]></system-err>
</testsuite>
